C5F5 A2 00 86  LDX
C5F7 86 00 86  STX
C5F9 86 10 86  STX
C5FB 86 11 20  STX
C5FD 20 2D c7  JSR
C72D EA 38 b0  NOP
C72E 38 B0 04  SEC
C72F B0 04 a2  
C733 86 00 ea  STX
C735 EA 18 b0  NOP
C736 18 B0 03  CLC
C737 B0 03 4c  
C739 4C 40 c7  JMP
C740 EA 38 90  NOP
C741 38 90 03  SEC
C742 90 03 4c  
C744 4C 4B c7  JMP
C74B EA 18 90  NOP
C74C 18 90 04  CLC
C74D 90 04 a2  
C751 86 00 ea  STX
C753 EA A9 00  NOP
C754 A9 00 f0  LDA
C756 F0 04 a2  
C758 A2 05 86  LDX
C75A 86 00 ea  STX
C75C EA A9 40  NOP
C75D A9 40 f0  LDA
C75F F0 03 4c  
C761 4C 68 c7  JMP
C768 EA A9 40  NOP
C769 A9 40 d0  LDA
C76B D0 04 a2  
C76F 86 00 ea  STX
C771 EA A9 00  NOP
C772 A9 00 d0  LDA
C774 D0 03 4c  
C777 7D C7 a2  
